<?xml version="1.0" encoding="UTF-8"?>
<!-- Generated by org.testng.reporters.JUnitReportReporter -->
<testsuite skipped="0" hostname="EBRDW42NLPC1017" name="com.automation.runners.TestRunner" tests="1" failures="0" timestamp="2021-08-19T13:13:54 IST" time="12.954" errors="0">
  <testcase name="feature" time="12.954" classname="com.automation.runners.TestRunner"/>
  <system-out>
    <![CDATA[Chrome]]>
  </system-out>
</testsuite> <!-- com.automation.runners.TestRunner -->
