<?xml version="1.0" encoding="UTF-8"?>
<!-- Generated by org.testng.reporters.JUnitReportReporter -->
<testsuite skipped="0" hostname="EBRDW42NLPC1017" name="com.automation.hooks.Demo" tests="1" failures="0" timestamp="2021-07-19T16:15:12 IST" time="0.006" errors="0">
  <testcase name="f" time="0.006" classname="com.automation.hooks.Demo"/>
  <system-out>
    <![CDATA[Demo2]]>
  </system-out>
</testsuite> <!-- com.automation.hooks.Demo -->
