<?xml version="1.0" encoding="UTF-8"?>
<!-- Generated by org.testng.reporters.JUnitReportReporter -->
<testsuite skipped="0" hostname="EBRDW42NLPC1017" name="com.automation.pageObjects.HomePage" tests="1" failures="0" timestamp="2021-07-22T17:57:49 IST" time="9.394" errors="0">
  <testcase name="basePageNavigation" time="9.394" classname="com.automation.pageObjects.HomePage"/>
  <system-out/>
</testsuite> <!-- com.automation.pageObjects.HomePage -->
